<?xml version="1.0" encoding="UTF-8"?>
<testsuite xmlns:xsi="http://www.w3.org/2001/XMLSchema-instance" xsi:noNamespaceSchemaLocation="https://maven.apache.org/surefire/maven-surefire-plugin/xsd/surefire-test-report.xsd" name="com.ljh.middleware.test.ApiTest" time="0.03" tests="3" errors="0" skipped="0" failures="0">
  <properties>
    <property name="sun.desktop" value="windows"/>
    <property name="awt.toolkit" value="sun.awt.windows.WToolkit"/>
    <property name="file.encoding.pkg" value="sun.io"/>
    <property name="java.specification.version" value="1.8"/>
    <property name="sun.cpu.isalist" value="amd64"/>
    <property name="sun.jnu.encoding" value="GBK"/>
    <property name="java.class.path" value="D:\CS\Code\db-router-ljh\db-router-spring-boot-starter\target\test-classes;D:\CS\Code\db-router-ljh\db-router-spring-boot-starter\target\classes;D:\CS\Maven\repository\org\springframework\boot\spring-boot-starter\2.3.5.RELEASE\spring-boot-starter-2.3.5.RELEASE.jar;D:\CS\Maven\repository\org\springframework\boot\spring-boot\2.3.5.RELEASE\spring-boot-2.3.5.RELEASE.jar;D:\CS\Maven\repository\org\springframework\spring-context\5.2.10.RELEASE\spring-context-5.2.10.RELEASE.jar;D:\CS\Maven\repository\org\springframework\spring-expression\5.2.10.RELEASE\spring-expression-5.2.10.RELEASE.jar;D:\CS\Maven\repository\org\springframework\boot\spring-boot-starter-logging\2.3.5.RELEASE\spring-boot-starter-logging-2.3.5.RELEASE.jar;D:\CS\Maven\repository\ch\qos\logback\logback-classic\1.2.3\logback-classic-1.2.3.jar;D:\CS\Maven\repository\ch\qos\logback\logback-core\1.2.3\logback-core-1.2.3.jar;D:\CS\Maven\repository\org\slf4j\slf4j-api\1.7.30\slf4j-api-1.7.30.jar;D:\CS\Maven\repository\org\apache\logging\log4j\log4j-to-slf4j\2.13.3\log4j-to-slf4j-2.13.3.jar;D:\CS\Maven\repository\org\apache\logging\log4j\log4j-api\2.13.3\log4j-api-2.13.3.jar;D:\CS\Maven\repository\org\slf4j\jul-to-slf4j\1.7.30\jul-to-slf4j-1.7.30.jar;D:\CS\Maven\repository\jakarta\annotation\jakarta.annotation-api\1.3.5\jakarta.annotation-api-1.3.5.jar;D:\CS\Maven\repository\org\springframework\spring-core\5.2.10.RELEASE\spring-core-5.2.10.RELEASE.jar;D:\CS\Maven\repository\org\springframework\spring-jcl\5.2.10.RELEASE\spring-jcl-5.2.10.RELEASE.jar;D:\CS\Maven\repository\org\yaml\snakeyaml\1.26\snakeyaml-1.26.jar;D:\CS\Maven\repository\org\springframework\boot\spring-boot-configuration-processor\2.3.5.RELEASE\spring-boot-configuration-processor-2.3.5.RELEASE.jar;D:\CS\Maven\repository\org\springframework\boot\spring-boot-autoconfigure\2.3.5.RELEASE\spring-boot-autoconfigure-2.3.5.RELEASE.jar;D:\CS\Maven\repository\org\springframework\boot\spring-boot-starter-aop\2.3.5.RELEASE\spring-boot-starter-aop-2.3.5.RELEASE.jar;D:\CS\Maven\repository\org\springframework\spring-aop\5.2.10.RELEASE\spring-aop-5.2.10.RELEASE.jar;D:\CS\Maven\repository\org\springframework\spring-beans\5.2.10.RELEASE\spring-beans-5.2.10.RELEASE.jar;D:\CS\Maven\repository\org\aspectj\aspectjweaver\1.9.6\aspectjweaver-1.9.6.jar;D:\CS\Maven\repository\org\mybatis\spring\boot\mybatis-spring-boot-starter\2.1.4\mybatis-spring-boot-starter-2.1.4.jar;D:\CS\Maven\repository\org\springframework\boot\spring-boot-starter-jdbc\2.3.5.RELEASE\spring-boot-starter-jdbc-2.3.5.RELEASE.jar;D:\CS\Maven\repository\com\zaxxer\HikariCP\3.4.5\HikariCP-3.4.5.jar;D:\CS\Maven\repository\org\springframework\spring-jdbc\5.2.10.RELEASE\spring-jdbc-5.2.10.RELEASE.jar;D:\CS\Maven\repository\org\springframework\spring-tx\5.2.10.RELEASE\spring-tx-5.2.10.RELEASE.jar;D:\CS\Maven\repository\org\mybatis\spring\boot\mybatis-spring-boot-autoconfigure\2.1.4\mybatis-spring-boot-autoconfigure-2.1.4.jar;D:\CS\Maven\repository\org\mybatis\mybatis\3.5.6\mybatis-3.5.6.jar;D:\CS\Maven\repository\org\mybatis\mybatis-spring\2.0.6\mybatis-spring-2.0.6.jar;D:\CS\Maven\repository\mysql\mysql-connector-java\8.0.27\mysql-connector-java-8.0.27.jar;D:\CS\Maven\repository\org\springframework\boot\spring-boot-test\2.3.5.RELEASE\spring-boot-test-2.3.5.RELEASE.jar;D:\CS\Maven\repository\org\springframework\spring-test\5.2.10.RELEASE\spring-test-5.2.10.RELEASE.jar;D:\CS\Maven\repository\commons-beanutils\commons-beanutils\1.9.4\commons-beanutils-1.9.4.jar;D:\CS\Maven\repository\commons-logging\commons-logging\1.2\commons-logging-1.2.jar;D:\CS\Maven\repository\commons-collections\commons-collections\3.2.2\commons-collections-3.2.2.jar;D:\CS\Maven\repository\commons-lang\commons-lang\2.6\commons-lang-2.6.jar;D:\CS\Maven\repository\com\alibaba\fastjson\1.2.78\fastjson-1.2.78.jar;D:\CS\Maven\repository\org\projectlombok\lombok\1.18.12\lombok-1.18.12.jar;D:\CS\Maven\repository\junit\junit\4.12\junit-4.12.jar;D:\CS\Maven\repository\org\hamcrest\hamcrest-core\2.2\hamcrest-core-2.2.jar;D:\CS\Maven\repository\org\hamcrest\hamcrest\2.2\hamcrest-2.2.jar;"/>
    <property name="java.vm.vendor" value="Oracle Corporation"/>
    <property name="sun.arch.data.model" value="64"/>
    <property name="user.variant" value=""/>
    <property name="java.vendor.url" value="http://java.oracle.com/"/>
    <property name="user.timezone" value="Asia/Shanghai"/>
    <property name="java.vm.specification.version" value="1.8"/>
    <property name="os.name" value="Windows 10"/>
    <property name="user.country" value="CN"/>
    <property name="sun.java.launcher" value="SUN_STANDARD"/>
    <property name="sun.boot.library.path" value="C:\nonSystem\CSlearning\Java\jdk1.8.0_291\jre\bin"/>
    <property name="sun.java.command" value="C:\Users\luo\AppData\Local\Temp\surefire7417063703995907138\surefirebooter6191437044997615059.jar C:\Users\luo\AppData\Local\Temp\surefire7417063703995907138 2022-06-08T16-13-26_961-jvmRun1 surefire3621906483461581782tmp surefire_01357503903831505810tmp"/>
    <property name="surefire.test.class.path" value="D:\CS\Code\db-router-ljh\db-router-spring-boot-starter\target\test-classes;D:\CS\Code\db-router-ljh\db-router-spring-boot-starter\target\classes;D:\CS\Maven\repository\org\springframework\boot\spring-boot-starter\2.3.5.RELEASE\spring-boot-starter-2.3.5.RELEASE.jar;D:\CS\Maven\repository\org\springframework\boot\spring-boot\2.3.5.RELEASE\spring-boot-2.3.5.RELEASE.jar;D:\CS\Maven\repository\org\springframework\spring-context\5.2.10.RELEASE\spring-context-5.2.10.RELEASE.jar;D:\CS\Maven\repository\org\springframework\spring-expression\5.2.10.RELEASE\spring-expression-5.2.10.RELEASE.jar;D:\CS\Maven\repository\org\springframework\boot\spring-boot-starter-logging\2.3.5.RELEASE\spring-boot-starter-logging-2.3.5.RELEASE.jar;D:\CS\Maven\repository\ch\qos\logback\logback-classic\1.2.3\logback-classic-1.2.3.jar;D:\CS\Maven\repository\ch\qos\logback\logback-core\1.2.3\logback-core-1.2.3.jar;D:\CS\Maven\repository\org\slf4j\slf4j-api\1.7.30\slf4j-api-1.7.30.jar;D:\CS\Maven\repository\org\apache\logging\log4j\log4j-to-slf4j\2.13.3\log4j-to-slf4j-2.13.3.jar;D:\CS\Maven\repository\org\apache\logging\log4j\log4j-api\2.13.3\log4j-api-2.13.3.jar;D:\CS\Maven\repository\org\slf4j\jul-to-slf4j\1.7.30\jul-to-slf4j-1.7.30.jar;D:\CS\Maven\repository\jakarta\annotation\jakarta.annotation-api\1.3.5\jakarta.annotation-api-1.3.5.jar;D:\CS\Maven\repository\org\springframework\spring-core\5.2.10.RELEASE\spring-core-5.2.10.RELEASE.jar;D:\CS\Maven\repository\org\springframework\spring-jcl\5.2.10.RELEASE\spring-jcl-5.2.10.RELEASE.jar;D:\CS\Maven\repository\org\yaml\snakeyaml\1.26\snakeyaml-1.26.jar;D:\CS\Maven\repository\org\springframework\boot\spring-boot-configuration-processor\2.3.5.RELEASE\spring-boot-configuration-processor-2.3.5.RELEASE.jar;D:\CS\Maven\repository\org\springframework\boot\spring-boot-autoconfigure\2.3.5.RELEASE\spring-boot-autoconfigure-2.3.5.RELEASE.jar;D:\CS\Maven\repository\org\springframework\boot\spring-boot-starter-aop\2.3.5.RELEASE\spring-boot-starter-aop-2.3.5.RELEASE.jar;D:\CS\Maven\repository\org\springframework\spring-aop\5.2.10.RELEASE\spring-aop-5.2.10.RELEASE.jar;D:\CS\Maven\repository\org\springframework\spring-beans\5.2.10.RELEASE\spring-beans-5.2.10.RELEASE.jar;D:\CS\Maven\repository\org\aspectj\aspectjweaver\1.9.6\aspectjweaver-1.9.6.jar;D:\CS\Maven\repository\org\mybatis\spring\boot\mybatis-spring-boot-starter\2.1.4\mybatis-spring-boot-starter-2.1.4.jar;D:\CS\Maven\repository\org\springframework\boot\spring-boot-starter-jdbc\2.3.5.RELEASE\spring-boot-starter-jdbc-2.3.5.RELEASE.jar;D:\CS\Maven\repository\com\zaxxer\HikariCP\3.4.5\HikariCP-3.4.5.jar;D:\CS\Maven\repository\org\springframework\spring-jdbc\5.2.10.RELEASE\spring-jdbc-5.2.10.RELEASE.jar;D:\CS\Maven\repository\org\springframework\spring-tx\5.2.10.RELEASE\spring-tx-5.2.10.RELEASE.jar;D:\CS\Maven\repository\org\mybatis\spring\boot\mybatis-spring-boot-autoconfigure\2.1.4\mybatis-spring-boot-autoconfigure-2.1.4.jar;D:\CS\Maven\repository\org\mybatis\mybatis\3.5.6\mybatis-3.5.6.jar;D:\CS\Maven\repository\org\mybatis\mybatis-spring\2.0.6\mybatis-spring-2.0.6.jar;D:\CS\Maven\repository\mysql\mysql-connector-java\8.0.27\mysql-connector-java-8.0.27.jar;D:\CS\Maven\repository\org\springframework\boot\spring-boot-test\2.3.5.RELEASE\spring-boot-test-2.3.5.RELEASE.jar;D:\CS\Maven\repository\org\springframework\spring-test\5.2.10.RELEASE\spring-test-5.2.10.RELEASE.jar;D:\CS\Maven\repository\commons-beanutils\commons-beanutils\1.9.4\commons-beanutils-1.9.4.jar;D:\CS\Maven\repository\commons-logging\commons-logging\1.2\commons-logging-1.2.jar;D:\CS\Maven\repository\commons-collections\commons-collections\3.2.2\commons-collections-3.2.2.jar;D:\CS\Maven\repository\commons-lang\commons-lang\2.6\commons-lang-2.6.jar;D:\CS\Maven\repository\com\alibaba\fastjson\1.2.78\fastjson-1.2.78.jar;D:\CS\Maven\repository\org\projectlombok\lombok\1.18.12\lombok-1.18.12.jar;D:\CS\Maven\repository\junit\junit\4.12\junit-4.12.jar;D:\CS\Maven\repository\org\hamcrest\hamcrest-core\2.2\hamcrest-core-2.2.jar;D:\CS\Maven\repository\org\hamcrest\hamcrest\2.2\hamcrest-2.2.jar;"/>
    <property name="sun.cpu.endian" value="little"/>
    <property name="user.home" value="C:\Users\luo"/>
    <property name="user.language" value="zh"/>
    <property name="java.specification.vendor" value="Oracle Corporation"/>
    <property name="java.home" value="C:\nonSystem\CSlearning\Java\jdk1.8.0_291\jre"/>
    <property name="basedir" value="D:\CS\Code\db-router-ljh\db-router-spring-boot-starter"/>
    <property name="file.separator" value="\"/>
    <property name="line.separator" value="&#10;"/>
    <property name="java.vm.specification.vendor" value="Oracle Corporation"/>
    <property name="java.specification.name" value="Java Platform API Specification"/>
    <property name="java.awt.graphicsenv" value="sun.awt.Win32GraphicsEnvironment"/>
    <property name="surefire.real.class.path" value="C:\Users\luo\AppData\Local\Temp\surefire7417063703995907138\surefirebooter6191437044997615059.jar"/>
    <property name="sun.boot.class.path" value="C:\nonSystem\CSlearning\Java\jdk1.8.0_291\jre\lib\resources.jar;C:\nonSystem\CSlearning\Java\jdk1.8.0_291\jre\lib\rt.jar;C:\nonSystem\CSlearning\Java\jdk1.8.0_291\jre\lib\sunrsasign.jar;C:\nonSystem\CSlearning\Java\jdk1.8.0_291\jre\lib\jsse.jar;C:\nonSystem\CSlearning\Java\jdk1.8.0_291\jre\lib\jce.jar;C:\nonSystem\CSlearning\Java\jdk1.8.0_291\jre\lib\charsets.jar;C:\nonSystem\CSlearning\Java\jdk1.8.0_291\jre\lib\jfr.jar;C:\nonSystem\CSlearning\Java\jdk1.8.0_291\jre\classes"/>
    <property name="user.script" value=""/>
    <property name="sun.management.compiler" value="HotSpot 64-Bit Tiered Compilers"/>
    <property name="java.runtime.version" value="1.8.0_291-b10"/>
    <property name="user.name" value="luo"/>
    <property name="path.separator" value=";"/>
    <property name="os.version" value="10.0"/>
    <property name="java.endorsed.dirs" value="C:\nonSystem\CSlearning\Java\jdk1.8.0_291\jre\lib\endorsed"/>
    <property name="java.runtime.name" value="Java(TM) SE Runtime Environment"/>
    <property name="file.encoding" value="GBK"/>
    <property name="java.vm.name" value="Java HotSpot(TM) 64-Bit Server VM"/>
    <property name="localRepository" value="D:\CS\Maven\repository"/>
    <property name="java.vendor.url.bug" value="http://bugreport.sun.com/bugreport/"/>
    <property name="java.io.tmpdir" value="C:\Users\luo\AppData\Local\Temp\"/>
    <property name="idea.version" value="2021.2.1"/>
    <property name="java.version" value="1.8.0_291"/>
    <property name="user.dir" value="D:\CS\Code\db-router-ljh\db-router-spring-boot-starter"/>
    <property name="os.arch" value="amd64"/>
    <property name="java.vm.specification.name" value="Java Virtual Machine Specification"/>
    <property name="java.awt.printerjob" value="sun.awt.windows.WPrinterJob"/>
    <property name="sun.os.patch.level" value=""/>
    <property name="java.library.path" value="C:\nonSystem\CSlearning\Java\jdk1.8.0_291\jre\bin;C:\Windows\Sun\Java\bin;C:\Windows\system32;C:\Windows;D:\CS\VMware\bin\;C:\Program Files (x86)\Common Files\Oracle\Java\javapath;C:\Windows\system32;C:\Windows;C:\Windows\System32\Wbem;C:\Windows\System32\WindowsPowerShell\v1.0\;C:\Windows\System32\OpenSSH\;C:\Program Files (x86)\NVIDIA Corporation\PhysX\Common;C:\Program Files\NVIDIA Corporation\NVIDIA NvDLISR;C:\Program Files (x86)\Windows Kits\8.1\Windows Performance Toolkit\;C:\nonSystem\CSlearning\Java\jdk1.8.0_291\bin;C:\nonSystem\CSlearning\Java\jdk1.8.0_291\jre\bin;D:\CS\MySQL\MySQL8.0.27\mysql-8.0.27-winx64\mysql-8.0.27-winx64\bin;D:\CS\Maven\apache-maven-3.8.4\bin;D:\CS\MySQL\MySQL8.0.27\mysql-8.0.27-winx64\mysql-8.0.27-winx64\bin;D:\CS\Node.js\;D:\CS\Git\Git\cmd;D:\CS\Xshell\;D:\CS\Xftp\;D:\CS\Go\bin;C:\Program Files\dotnet\;C:\Users\luo\AppData\Local\Microsoft\WindowsApps;C:\nonSystem\Tools\BandiZip\;C:\Users\luo\AppData\Roaming\npm;C:\Users\luo\go\bin;C:\nonSystem\CSlearning\C++\Microsoft VS Code\bin;."/>
    <property name="java.vm.info" value="mixed mode"/>
    <property name="java.vendor" value="Oracle Corporation"/>
    <property name="java.vm.version" value="25.291-b10"/>
    <property name="java.ext.dirs" value="C:\nonSystem\CSlearning\Java\jdk1.8.0_291\jre\lib\ext;C:\Windows\Sun\Java\lib\ext"/>
    <property name="sun.io.unicode.encoding" value="UnicodeLittle"/>
    <property name="java.class.version" value="52.0"/>
  </properties>
  <testcase name="test_db_hash" classname="com.ljh.middleware.test.ApiTest" time="0.001"/>
  <testcase name="test_str_format" classname="com.ljh.middleware.test.ApiTest" time="0"/>
  <testcase name="test_annotation" classname="com.ljh.middleware.test.ApiTest" time="0.001"/>
</testsuite>